29.09.2023 14:42:09.873 INFO  1876 --- [restartedMain] AkustikaApplication                      : Starting AkustikaApplication using Java 17.0.7 with PID 1876 (D:\kaardirakendus\backend\target\classes started by Arvuti in D:\kaardirakendus)
29.09.2023 14:42:09.875 INFO  1876 --- [restartedMain] AkustikaApplication                      : No active profile set, falling back to 1 default profile: "default"
29.09.2023 14:42:09.915 INFO  1876 --- [restartedMain] DevToolsPropertyDefaultsPostProcessor    : Devtools property defaults active! Set 'spring.devtools.add-properties' to 'false' to disable
29.09.2023 14:42:09.915 INFO  1876 --- [restartedMain] DevToolsPropertyDefaultsPostProcessor    : For additional web related logging consider setting the 'logging.level.web' property to 'DEBUG'
29.09.2023 14:42:10.393 INFO  1876 --- [restartedMain] RepositoryConfigurationDelegate          : Bootstrapping Spring Data JPA repositories in DEFAULT mode.
29.09.2023 14:42:10.410 INFO  1876 --- [restartedMain] RepositoryConfigurationDelegate          : Finished Spring Data repository scanning in 9 ms. Found 0 JPA repository interfaces.
29.09.2023 14:42:10.907 INFO  1876 --- [restartedMain] TomcatWebServer                          : Tomcat initialized with port(s): 8080 (http)
29.09.2023 14:42:10.914 INFO  1876 --- [restartedMain] StandardService                          : Starting service [Tomcat]
29.09.2023 14:42:10.915 INFO  1876 --- [restartedMain] StandardEngine                           : Starting Servlet engine: [Apache Tomcat/10.1.13]
29.09.2023 14:42:10.964 INFO  1876 --- [restartedMain] [/]                                      : Initializing Spring embedded WebApplicationContext
29.09.2023 14:42:10.965 INFO  1876 --- [restartedMain] ServletWebServerApplicationContext       : Root WebApplicationContext: initialization completed in 1048 ms
29.09.2023 14:42:11.091 INFO  1876 --- [restartedMain] LogHelper                                : HHH000204: Processing PersistenceUnitInfo [name: default]
29.09.2023 14:42:11.136 INFO  1876 --- [restartedMain] Version                                  : HHH000412: Hibernate ORM core version 6.2.9.Final
29.09.2023 14:42:11.138 INFO  1876 --- [restartedMain] Environment                              : HHH000406: Using bytecode reflection optimizer
29.09.2023 14:42:11.248 INFO  1876 --- [restartedMain] BytecodeProviderInitiator                : HHH000021: Bytecode provider name : bytebuddy
29.09.2023 14:42:11.352 INFO  1876 --- [restartedMain] SpringPersistenceUnitInfo                : No LoadTimeWeaver setup: ignoring JPA class transformer
29.09.2023 14:42:11.448 INFO  1876 --- [restartedMain] BytecodeProviderInitiator                : HHH000021: Bytecode provider name : bytebuddy
29.09.2023 14:42:11.615 INFO  1876 --- [restartedMain] JtaPlatformInitiator                     : HHH000490: Using JtaPlatform implementation: [org.hibernate.engine.transaction.jta.platform.internal.NoJtaPlatform]
29.09.2023 14:42:11.619 INFO  1876 --- [restartedMain] LocalContainerEntityManagerFactoryBean   : Initialized JPA EntityManagerFactory for persistence unit 'default'
29.09.2023 14:42:11.712 WARN  1876 --- [restartedMain] UserDetailsServiceAutoConfiguration      : 

Using generated security password: 9c955681-b452-4c1e-abe4-6dd52695a2ec

This generated password is for development use only. Your security configuration must be updated before running your application in production.

29.09.2023 14:42:11.995 INFO  1876 --- [restartedMain] DefaultSecurityFilterChain               : Will secure any request with [org.springframework.security.web.session.DisableEncodeUrlFilter@5a524f7e, org.springframework.security.web.context.request.async.WebAsyncManagerIntegrationFilter@ea905f7, org.springframework.security.web.context.SecurityContextHolderFilter@d7ccba, org.springframework.security.web.header.HeaderWriterFilter@79f3e186, org.springframework.security.web.authentication.logout.LogoutFilter@36771ca7, org.springframework.security.web.authentication.www.BasicAuthenticationFilter@9a96bd, org.springframework.security.web.savedrequest.RequestCacheAwareFilter@74dd4b9c, org.springframework.security.web.servletapi.SecurityContextHolderAwareRequestFilter@41b40f, org.springframework.security.web.authentication.AnonymousAuthenticationFilter@577e427d, org.springframework.security.web.access.ExceptionTranslationFilter@3b9454ab, org.springframework.security.web.access.intercept.AuthorizationFilter@7e1eef47]
29.09.2023 14:42:12.103 WARN  1876 --- [restartedMain] ion$DefaultTemplateResolverConfiguration : Cannot find template location: classpath:/templates/ (please add some templates, check your Thymeleaf configuration, or set spring.thymeleaf.check-template-location=false)
29.09.2023 14:42:12.222 INFO  1876 --- [restartedMain] OptionalLiveReloadServer                 : LiveReload server is running on port 35729
29.09.2023 14:42:12.250 INFO  1876 --- [restartedMain] TomcatWebServer                          : Tomcat started on port(s): 8080 (http) with context path ''
29.09.2023 14:42:12.258 INFO  1876 --- [restartedMain] AkustikaApplication                      : Started AkustikaApplication in 2.737 seconds (process running for 3.34)
29.09.2023 14:43:26.320 INFO  1876 --- [ionShutdownHook] LocalContainerEntityManagerFactoryBean   : Closing JPA EntityManagerFactory for persistence unit 'default'
29.09.2023 14:43:29.502 INFO  19140 --- [restartedMain] AkustikaApplication                      : Starting AkustikaApplication using Java 17.0.7 with PID 19140 (D:\kaardirakendus\backend\target\classes started by Arvuti in D:\kaardirakendus)
29.09.2023 14:43:29.504 INFO  19140 --- [restartedMain] AkustikaApplication                      : No active profile set, falling back to 1 default profile: "default"
29.09.2023 14:43:29.543 INFO  19140 --- [restartedMain] DevToolsPropertyDefaultsPostProcessor    : Devtools property defaults active! Set 'spring.devtools.add-properties' to 'false' to disable
29.09.2023 14:43:29.543 INFO  19140 --- [restartedMain] DevToolsPropertyDefaultsPostProcessor    : For additional web related logging consider setting the 'logging.level.web' property to 'DEBUG'
29.09.2023 14:43:30.070 INFO  19140 --- [restartedMain] RepositoryConfigurationDelegate          : Bootstrapping Spring Data JPA repositories in DEFAULT mode.
29.09.2023 14:43:30.089 INFO  19140 --- [restartedMain] RepositoryConfigurationDelegate          : Finished Spring Data repository scanning in 10 ms. Found 0 JPA repository interfaces.
29.09.2023 14:43:30.597 INFO  19140 --- [restartedMain] TomcatWebServer                          : Tomcat initialized with port(s): 8080 (http)
29.09.2023 14:43:30.604 INFO  19140 --- [restartedMain] StandardService                          : Starting service [Tomcat]
29.09.2023 14:43:30.604 INFO  19140 --- [restartedMain] StandardEngine                           : Starting Servlet engine: [Apache Tomcat/10.1.13]
29.09.2023 14:43:30.655 INFO  19140 --- [restartedMain] [/]                                      : Initializing Spring embedded WebApplicationContext
29.09.2023 14:43:30.655 INFO  19140 --- [restartedMain] ServletWebServerApplicationContext       : Root WebApplicationContext: initialization completed in 1111 ms
29.09.2023 14:43:30.788 INFO  19140 --- [restartedMain] LogHelper                                : HHH000204: Processing PersistenceUnitInfo [name: default]
29.09.2023 14:43:30.840 INFO  19140 --- [restartedMain] Version                                  : HHH000412: Hibernate ORM core version 6.2.9.Final
29.09.2023 14:43:30.841 INFO  19140 --- [restartedMain] Environment                              : HHH000406: Using bytecode reflection optimizer
29.09.2023 14:43:30.953 INFO  19140 --- [restartedMain] BytecodeProviderInitiator                : HHH000021: Bytecode provider name : bytebuddy
29.09.2023 14:43:31.058 INFO  19140 --- [restartedMain] SpringPersistenceUnitInfo                : No LoadTimeWeaver setup: ignoring JPA class transformer
29.09.2023 14:43:31.158 INFO  19140 --- [restartedMain] BytecodeProviderInitiator                : HHH000021: Bytecode provider name : bytebuddy
29.09.2023 14:43:31.330 INFO  19140 --- [restartedMain] JtaPlatformInitiator                     : HHH000490: Using JtaPlatform implementation: [org.hibernate.engine.transaction.jta.platform.internal.NoJtaPlatform]
29.09.2023 14:43:31.334 INFO  19140 --- [restartedMain] LocalContainerEntityManagerFactoryBean   : Initialized JPA EntityManagerFactory for persistence unit 'default'
29.09.2023 14:43:31.428 WARN  19140 --- [restartedMain] UserDetailsServiceAutoConfiguration      : 

Using generated security password: 6bd78f8f-cfb5-44c4-baf1-f406a0107162

This generated password is for development use only. Your security configuration must be updated before running your application in production.

29.09.2023 14:43:31.719 INFO  19140 --- [restartedMain] DefaultSecurityFilterChain               : Will secure any request with [org.springframework.security.web.session.DisableEncodeUrlFilter@577e427d, org.springframework.security.web.context.request.async.WebAsyncManagerIntegrationFilter@66e40ec7, org.springframework.security.web.context.SecurityContextHolderFilter@74dd4b9c, org.springframework.security.web.header.HeaderWriterFilter@789ba75, org.springframework.security.web.authentication.logout.LogoutFilter@49838059, org.springframework.security.web.authentication.www.BasicAuthenticationFilter@20c23d28, org.springframework.security.web.savedrequest.RequestCacheAwareFilter@41b40f, org.springframework.security.web.servletapi.SecurityContextHolderAwareRequestFilter@f969fbc, org.springframework.security.web.authentication.AnonymousAuthenticationFilter@2e8594da, org.springframework.security.web.access.ExceptionTranslationFilter@79f3e186, org.springframework.security.web.access.intercept.AuthorizationFilter@343ebc]
29.09.2023 14:43:31.829 WARN  19140 --- [restartedMain] ion$DefaultTemplateResolverConfiguration : Cannot find template location: classpath:/templates/ (please add some templates, check your Thymeleaf configuration, or set spring.thymeleaf.check-template-location=false)
29.09.2023 14:43:31.955 INFO  19140 --- [restartedMain] OptionalLiveReloadServer                 : LiveReload server is running on port 35729
29.09.2023 14:43:31.984 INFO  19140 --- [restartedMain] TomcatWebServer                          : Tomcat started on port(s): 8080 (http) with context path ''
29.09.2023 14:43:31.992 INFO  19140 --- [restartedMain] AkustikaApplication                      : Started AkustikaApplication in 2.85 seconds (process running for 3.453)
29.09.2023 14:44:51.448 INFO  19140 --- [ionShutdownHook] LocalContainerEntityManagerFactoryBean   : Closing JPA EntityManagerFactory for persistence unit 'default'
29.09.2023 14:44:53.499 INFO  18020 --- [restartedMain] AkustikaApplication                      : Starting AkustikaApplication using Java 17.0.7 with PID 18020 (D:\kaardirakendus\backend\target\classes started by Arvuti in D:\kaardirakendus)
29.09.2023 14:44:53.501 INFO  18020 --- [restartedMain] AkustikaApplication                      : No active profile set, falling back to 1 default profile: "default"
29.09.2023 14:44:53.540 INFO  18020 --- [restartedMain] DevToolsPropertyDefaultsPostProcessor    : Devtools property defaults active! Set 'spring.devtools.add-properties' to 'false' to disable
29.09.2023 14:44:53.540 INFO  18020 --- [restartedMain] DevToolsPropertyDefaultsPostProcessor    : For additional web related logging consider setting the 'logging.level.web' property to 'DEBUG'
29.09.2023 14:44:54.034 INFO  18020 --- [restartedMain] RepositoryConfigurationDelegate          : Bootstrapping Spring Data JPA repositories in DEFAULT mode.
29.09.2023 14:44:54.051 INFO  18020 --- [restartedMain] RepositoryConfigurationDelegate          : Finished Spring Data repository scanning in 10 ms. Found 0 JPA repository interfaces.
29.09.2023 14:44:54.547 INFO  18020 --- [restartedMain] TomcatWebServer                          : Tomcat initialized with port(s): 8080 (http)
29.09.2023 14:44:54.555 INFO  18020 --- [restartedMain] StandardService                          : Starting service [Tomcat]
29.09.2023 14:44:54.555 INFO  18020 --- [restartedMain] StandardEngine                           : Starting Servlet engine: [Apache Tomcat/10.1.13]
29.09.2023 14:44:54.605 INFO  18020 --- [restartedMain] [/]                                      : Initializing Spring embedded WebApplicationContext
29.09.2023 14:44:54.605 INFO  18020 --- [restartedMain] ServletWebServerApplicationContext       : Root WebApplicationContext: initialization completed in 1065 ms
29.09.2023 14:44:54.734 INFO  18020 --- [restartedMain] LogHelper                                : HHH000204: Processing PersistenceUnitInfo [name: default]
29.09.2023 14:44:54.778 INFO  18020 --- [restartedMain] Version                                  : HHH000412: Hibernate ORM core version 6.2.9.Final
29.09.2023 14:44:54.780 INFO  18020 --- [restartedMain] Environment                              : HHH000406: Using bytecode reflection optimizer
29.09.2023 14:44:54.889 INFO  18020 --- [restartedMain] BytecodeProviderInitiator                : HHH000021: Bytecode provider name : bytebuddy
29.09.2023 14:44:54.996 INFO  18020 --- [restartedMain] SpringPersistenceUnitInfo                : No LoadTimeWeaver setup: ignoring JPA class transformer
29.09.2023 14:44:55.088 INFO  18020 --- [restartedMain] BytecodeProviderInitiator                : HHH000021: Bytecode provider name : bytebuddy
29.09.2023 14:44:55.265 INFO  18020 --- [restartedMain] JtaPlatformInitiator                     : HHH000490: Using JtaPlatform implementation: [org.hibernate.engine.transaction.jta.platform.internal.NoJtaPlatform]
29.09.2023 14:44:55.270 INFO  18020 --- [restartedMain] LocalContainerEntityManagerFactoryBean   : Initialized JPA EntityManagerFactory for persistence unit 'default'
29.09.2023 14:44:55.368 WARN  18020 --- [restartedMain] UserDetailsServiceAutoConfiguration      : 

Using generated security password: a3a28c50-f818-4a70-b972-da3584e46a45

This generated password is for development use only. Your security configuration must be updated before running your application in production.

29.09.2023 14:44:55.669 INFO  18020 --- [restartedMain] DefaultSecurityFilterChain               : Will secure any request with [org.springframework.security.web.session.DisableEncodeUrlFilter@71a7ee9a, org.springframework.security.web.context.request.async.WebAsyncManagerIntegrationFilter@1df6e7ae, org.springframework.security.web.context.SecurityContextHolderFilter@65165f32, org.springframework.security.web.header.HeaderWriterFilter@29cd31db, org.springframework.security.web.authentication.logout.LogoutFilter@2c0b4217, org.springframework.security.web.authentication.www.BasicAuthenticationFilter@2fe86aba, org.springframework.security.web.savedrequest.RequestCacheAwareFilter@10973f7d, org.springframework.security.web.servletapi.SecurityContextHolderAwareRequestFilter@6bea3403, org.springframework.security.web.authentication.AnonymousAuthenticationFilter@693bff40, org.springframework.security.web.access.ExceptionTranslationFilter@6e02e6f9, org.springframework.security.web.access.intercept.AuthorizationFilter@7ca77789]
29.09.2023 14:44:55.778 WARN  18020 --- [restartedMain] ion$DefaultTemplateResolverConfiguration : Cannot find template location: classpath:/templates/ (please add some templates, check your Thymeleaf configuration, or set spring.thymeleaf.check-template-location=false)
29.09.2023 14:44:55.900 INFO  18020 --- [restartedMain] OptionalLiveReloadServer                 : LiveReload server is running on port 35729
29.09.2023 14:44:55.930 INFO  18020 --- [restartedMain] TomcatWebServer                          : Tomcat started on port(s): 8080 (http) with context path ''
29.09.2023 14:44:55.939 INFO  18020 --- [restartedMain] AkustikaApplication                      : Started AkustikaApplication in 2.806 seconds (process running for 3.548)
